testing https://www.wfnen.org/
0
testing https://www.wfnen.org/about-us-nen
0
testing https://www.wfnen.org/about-wadhwani-foundation
0
testing https://www.wfnen.org/blog/5-tips-to-boost-your-interns-productivity
0
testing https://www.wfnen.org/blog/7-cant-miss-tips-for-weaving-your-success-story
0
testing https://www.wfnen.org/blog/a-case-for-paid-trials-instead-of-interviews
0
testing https://www.wfnen.org/blog/ace-up-your-sleeve
0
testing https://www.wfnen.org/blog/author/admin
0
testing https://www.wfnen.org/blog/author/admin/feed
0
testing https://www.wfnen.org/blog/author/aravind-krishnaswamy
0
testing https://www.wfnen.org/blog/author/chanchal-das-gupta
0
testing https://www.wfnen.org/blog/author/chanchal-das-gupta/feed
0
testing https://www.wfnen.org/blog/author/chanchal-das-gupta/page/2
0
testing https://www.wfnen.org/blog/author/chanchal-das-gupta/page/3
0
testing https://www.wfnen.org/blog/author/dr-priyanka-mokshmar
0
testing https://www.wfnen.org/blog/author/dr-priyanka-mokshmar/feed
0
testing https://www.wfnen.org/blog/author/freeman-murray
0
testing https://www.wfnen.org/blog/author/gaurav-jain
0
testing https://www.wfnen.org/blog/author/gaurav-jain/feed
